0 info it worked if it ends with ok
1 verbose cli [ 'node', '/usr/local/bin/npm', 'publish' ]
2 info using npm@1.2.18
3 info using node@v0.10.4
4 verbose publish [ '.' ]
5 verbose read json /Users/nikolay.ivanushkin/Documents/work/CSON/package.json
6 verbose cache add [ '.', null ]
7 verbose cache add name=undefined spec="." args=[".",null]
8 verbose parsed url { protocol: null,
8 verbose parsed url   slashes: null,
8 verbose parsed url   auth: null,
8 verbose parsed url   host: null,
8 verbose parsed url   port: null,
8 verbose parsed url   hostname: null,
8 verbose parsed url   hash: null,
8 verbose parsed url   search: null,
8 verbose parsed url   query: null,
8 verbose parsed url   pathname: '.',
8 verbose parsed url   path: '.',
8 verbose parsed url   href: '.' }
9 silly lockFile 3a52ce78- .
10 verbose lock . /Users/nikolay.ivanushkin/.npm/3a52ce78-.lock
11 verbose read json package.json
12 verbose tar pack [ '/var/folders/vw/srw2gqtd20b1zs316hcxzwgxgl73h9/T/npm-23571/1397149994677-0.9322215765714645/tmp.tgz',
12 verbose tar pack   '.' ]
13 verbose tarball /var/folders/vw/srw2gqtd20b1zs316hcxzwgxgl73h9/T/npm-23571/1397149994677-0.9322215765714645/tmp.tgz
14 verbose folder .
15 info prepublish cson@0.0.1
16 silly lockFile 3a52ce78- .
17 verbose lock . /Users/nikolay.ivanushkin/.npm/3a52ce78-.lock
18 silly lockFile e0ceb63a-94677-0-9322215765714645-tmp-tgz /var/folders/vw/srw2gqtd20b1zs316hcxzwgxgl73h9/T/npm-23571/1397149994677-0.9322215765714645/tmp.tgz
19 verbose lock /var/folders/vw/srw2gqtd20b1zs316hcxzwgxgl73h9/T/npm-23571/1397149994677-0.9322215765714645/tmp.tgz /Users/nikolay.ivanushkin/.npm/e0ceb63a-94677-0-9322215765714645-tmp-tgz.lock
20 silly lockFile 3a52ce78- .
21 silly lockFile 3a52ce78- .
22 silly lockFile e0ceb63a-94677-0-9322215765714645-tmp-tgz /var/folders/vw/srw2gqtd20b1zs316hcxzwgxgl73h9/T/npm-23571/1397149994677-0.9322215765714645/tmp.tgz
23 silly lockFile e0ceb63a-94677-0-9322215765714645-tmp-tgz /var/folders/vw/srw2gqtd20b1zs316hcxzwgxgl73h9/T/npm-23571/1397149994677-0.9322215765714645/tmp.tgz
24 verbose tar unpack /var/folders/vw/srw2gqtd20b1zs316hcxzwgxgl73h9/T/npm-23571/1397149994677-0.9322215765714645/tmp.tgz
25 silly lockFile bd0902fe-94677-0-9322215765714645-package /var/folders/vw/srw2gqtd20b1zs316hcxzwgxgl73h9/T/npm-23571/1397149994677-0.9322215765714645/package
26 verbose lock /var/folders/vw/srw2gqtd20b1zs316hcxzwgxgl73h9/T/npm-23571/1397149994677-0.9322215765714645/package /Users/nikolay.ivanushkin/.npm/bd0902fe-94677-0-9322215765714645-package.lock
27 silly lockFile e0ceb63a-94677-0-9322215765714645-tmp-tgz /var/folders/vw/srw2gqtd20b1zs316hcxzwgxgl73h9/T/npm-23571/1397149994677-0.9322215765714645/tmp.tgz
28 verbose lock /var/folders/vw/srw2gqtd20b1zs316hcxzwgxgl73h9/T/npm-23571/1397149994677-0.9322215765714645/tmp.tgz /Users/nikolay.ivanushkin/.npm/e0ceb63a-94677-0-9322215765714645-tmp-tgz.lock
29 silly gunzTarPerm modes [ '755', '644' ]
30 silly gunzTarPerm extractEntry package.json
31 silly gunzTarPerm extractEntry .npmignore
32 silly gunzTarPerm extractEntry README.md
33 silly gunzTarPerm extractEntry index.js
34 verbose read json /var/folders/vw/srw2gqtd20b1zs316hcxzwgxgl73h9/T/npm-23571/1397149994677-0.9322215765714645/package/package.json
35 silly lockFile bd0902fe-94677-0-9322215765714645-package /var/folders/vw/srw2gqtd20b1zs316hcxzwgxgl73h9/T/npm-23571/1397149994677-0.9322215765714645/package
36 silly lockFile bd0902fe-94677-0-9322215765714645-package /var/folders/vw/srw2gqtd20b1zs316hcxzwgxgl73h9/T/npm-23571/1397149994677-0.9322215765714645/package
37 silly lockFile e0ceb63a-94677-0-9322215765714645-tmp-tgz /var/folders/vw/srw2gqtd20b1zs316hcxzwgxgl73h9/T/npm-23571/1397149994677-0.9322215765714645/tmp.tgz
38 silly lockFile e0ceb63a-94677-0-9322215765714645-tmp-tgz /var/folders/vw/srw2gqtd20b1zs316hcxzwgxgl73h9/T/npm-23571/1397149994677-0.9322215765714645/tmp.tgz
39 verbose from cache /var/folders/vw/srw2gqtd20b1zs316hcxzwgxgl73h9/T/npm-23571/1397149994677-0.9322215765714645/package/package.json
40 verbose tar pack [ '/Users/nikolay.ivanushkin/.npm/cson/0.0.1/package.tgz',
40 verbose tar pack   '/var/folders/vw/srw2gqtd20b1zs316hcxzwgxgl73h9/T/npm-23571/1397149994677-0.9322215765714645/package' ]
41 verbose tarball /Users/nikolay.ivanushkin/.npm/cson/0.0.1/package.tgz
42 verbose folder /var/folders/vw/srw2gqtd20b1zs316hcxzwgxgl73h9/T/npm-23571/1397149994677-0.9322215765714645/package
43 silly lockFile bd0902fe-94677-0-9322215765714645-package /var/folders/vw/srw2gqtd20b1zs316hcxzwgxgl73h9/T/npm-23571/1397149994677-0.9322215765714645/package
44 verbose lock /var/folders/vw/srw2gqtd20b1zs316hcxzwgxgl73h9/T/npm-23571/1397149994677-0.9322215765714645/package /Users/nikolay.ivanushkin/.npm/bd0902fe-94677-0-9322215765714645-package.lock
45 silly lockFile edfd9a51-shkin-npm-cson-0-0-1-package-tgz /Users/nikolay.ivanushkin/.npm/cson/0.0.1/package.tgz
46 verbose lock /Users/nikolay.ivanushkin/.npm/cson/0.0.1/package.tgz /Users/nikolay.ivanushkin/.npm/edfd9a51-shkin-npm-cson-0-0-1-package-tgz.lock
47 silly lockFile bd0902fe-94677-0-9322215765714645-package /var/folders/vw/srw2gqtd20b1zs316hcxzwgxgl73h9/T/npm-23571/1397149994677-0.9322215765714645/package
48 silly lockFile bd0902fe-94677-0-9322215765714645-package /var/folders/vw/srw2gqtd20b1zs316hcxzwgxgl73h9/T/npm-23571/1397149994677-0.9322215765714645/package
49 silly lockFile edfd9a51-shkin-npm-cson-0-0-1-package-tgz /Users/nikolay.ivanushkin/.npm/cson/0.0.1/package.tgz
50 silly lockFile edfd9a51-shkin-npm-cson-0-0-1-package-tgz /Users/nikolay.ivanushkin/.npm/cson/0.0.1/package.tgz
51 silly lockFile 8e76a796-vanushkin-npm-cson-0-0-1-package /Users/nikolay.ivanushkin/.npm/cson/0.0.1/package
52 verbose lock /Users/nikolay.ivanushkin/.npm/cson/0.0.1/package /Users/nikolay.ivanushkin/.npm/8e76a796-vanushkin-npm-cson-0-0-1-package.lock
53 silly lockFile 8e76a796-vanushkin-npm-cson-0-0-1-package /Users/nikolay.ivanushkin/.npm/cson/0.0.1/package
54 silly lockFile 8e76a796-vanushkin-npm-cson-0-0-1-package /Users/nikolay.ivanushkin/.npm/cson/0.0.1/package
55 verbose tar unpack /Users/nikolay.ivanushkin/.npm/cson/0.0.1/package.tgz
56 silly lockFile 8e76a796-vanushkin-npm-cson-0-0-1-package /Users/nikolay.ivanushkin/.npm/cson/0.0.1/package
57 verbose lock /Users/nikolay.ivanushkin/.npm/cson/0.0.1/package /Users/nikolay.ivanushkin/.npm/8e76a796-vanushkin-npm-cson-0-0-1-package.lock
58 silly lockFile edfd9a51-shkin-npm-cson-0-0-1-package-tgz /Users/nikolay.ivanushkin/.npm/cson/0.0.1/package.tgz
59 verbose lock /Users/nikolay.ivanushkin/.npm/cson/0.0.1/package.tgz /Users/nikolay.ivanushkin/.npm/edfd9a51-shkin-npm-cson-0-0-1-package-tgz.lock
60 silly gunzTarPerm modes [ '755', '644' ]
61 silly gunzTarPerm extractEntry package.json
62 silly gunzTarPerm extractEntry .npmignore
63 silly gunzTarPerm extractEntry README.md
64 silly gunzTarPerm extractEntry index.js
65 verbose read json /Users/nikolay.ivanushkin/.npm/cson/0.0.1/package/package.json
66 silly lockFile 8e76a796-vanushkin-npm-cson-0-0-1-package /Users/nikolay.ivanushkin/.npm/cson/0.0.1/package
67 silly lockFile 8e76a796-vanushkin-npm-cson-0-0-1-package /Users/nikolay.ivanushkin/.npm/cson/0.0.1/package
68 silly lockFile edfd9a51-shkin-npm-cson-0-0-1-package-tgz /Users/nikolay.ivanushkin/.npm/cson/0.0.1/package.tgz
69 silly lockFile edfd9a51-shkin-npm-cson-0-0-1-package-tgz /Users/nikolay.ivanushkin/.npm/cson/0.0.1/package.tgz
70 silly shasum updated bytes 1833
71 info shasum 6dd65a048dd8f1dbc1eb1f71c63885cab7804cb7
71 info shasum /Users/nikolay.ivanushkin/.npm/cson/0.0.1/package.tgz
72 verbose from cache /Users/nikolay.ivanushkin/.npm/cson/0.0.1/package/package.json
73 verbose chmod /Users/nikolay.ivanushkin/.npm/cson/0.0.1/package.tgz 644
74 verbose chown /Users/nikolay.ivanushkin/.npm/cson/0.0.1/package.tgz [ 1597214217, 1688547791 ]
75 silly lockFile 3a52ce78- .
76 silly publish { name: 'cson',
76 silly publish   version: '0.0.1',
76 silly publish   description: 'CoffeeScript Object Notation',
76 silly publish   main: 'index.js',
76 silly publish   scripts: { test: 'echo "Error: no test specified" && exit 1' },
76 silly publish   repository: { type: 'git', url: 'https://github.com/nim579/CSON.git' },
76 silly publish   keywords: [ 'cson', 'json', 'CoffeeScript' ],
76 silly publish   author: '',
76 silly publish   license: 'MIT',
76 silly publish   readmeFilename: 'README.md',
76 silly publish   dependencies: { 'coffee-script': '~1.7.1', js2coffee: '~0.2.7' },
76 silly publish   readme: '# CSON\nCoffeeScript Object Notation\n\n## Use\n\nInstall as npm module\n~~~~~ bash\n$ npm install CSON\n~~~~~\n\nUse in scripts (Node.js)\n~~~~~ js\nvar CSON = require(\'CSON\');\n~~~~~\n\nUse\n~~~~~ js\nCSON.parse(string);\n~~~~~\n\n## Methods\n\n### readFile(path)\nConverts CSON file in JavaScript object.\n\n#### Parameters\n* **path** — Path to CSON file\n\n~~~~~ js\nCSON.readFile("./data.cson") //return parsed CSON file as JavaScript object\n~~~~~\n\n### parse(string)\n\n#### Parameters\n* **object** — Stringifyed CSON object\n\n~~~~~ js\nCSON.parse(\'test: "data", "foo": "bar"\\nsec: 1\') //return { "test": "data", "foo": "bar", "sec": 1 }\n~~~~~\n\n### stringify(object [, spaces])\n\nConvert JavaScript object to CSON\n\n#### Parameters\n* **object** — JavaScript object\n* **spaces** — Causes the resulting string to be pretty-printed.\n\n~~~~~ js\nCSON.stringify({ "test": \'data\', "foo": "bar", "sec": 1 }) //return \'test: "data"\\nfoo: "bar"\\nsec: 1\'\nCSON.stringify({ "test": \'data\', "foo": "bar", "obj": {"foo": [1,2]} }, 4) //return \'test: "data"\\nfoo: "bar"\\nobj:\\n  foo: [\\n    1\\n    2\\n  ]\'\n~~~~~',
76 silly publish   _id: 'cson@0.0.1',
76 silly publish   dist: { shasum: '6dd65a048dd8f1dbc1eb1f71c63885cab7804cb7' },
76 silly publish   _from: '.' }
77 verbose url raw cson
78 verbose url resolving [ 'https://registry.npmjs.org/', './cson' ]
79 verbose url resolved https://registry.npmjs.org/cson
80 info trying registry request attempt 1 at 21:13:25
81 http PUT https://registry.npmjs.org/cson
82 http 201 https://registry.npmjs.org/cson
83 verbose url raw cson
84 verbose url resolving [ 'https://registry.npmjs.org/', './cson' ]
85 verbose url resolved https://registry.npmjs.org/cson
86 info trying registry request attempt 1 at 21:13:26
87 http GET https://registry.npmjs.org/cson
88 http 200 https://registry.npmjs.org/cson
89 verbose uploading [ 'cson/-/cson-0.0.1.tgz/-rev/42-1fedead79972dd6aa4a3bb9ee131f0b2',
89 verbose uploading   '/Users/nikolay.ivanushkin/.npm/cson/0.0.1/package.tgz' ]
90 verbose url raw cson/-/cson-0.0.1.tgz/-rev/42-1fedead79972dd6aa4a3bb9ee131f0b2
91 verbose url resolving [ 'https://registry.npmjs.org/',
91 verbose url resolving   './cson/-/cson-0.0.1.tgz/-rev/42-1fedead79972dd6aa4a3bb9ee131f0b2' ]
92 verbose url resolved https://registry.npmjs.org/cson/-/cson-0.0.1.tgz/-rev/42-1fedead79972dd6aa4a3bb9ee131f0b2
93 info trying registry request attempt 1 at 21:13:27
94 http PUT https://registry.npmjs.org/cson/-/cson-0.0.1.tgz/-rev/42-1fedead79972dd6aa4a3bb9ee131f0b2
95 http 403 https://registry.npmjs.org/cson/-/cson-0.0.1.tgz/-rev/42-1fedead79972dd6aa4a3bb9ee131f0b2
96 info trying registry request attempt 1 at 21:13:28
97 http PUT https://registry.npmjs.org/cson/-/cson-0.0.1.tgz/-rev/42-1fedead79972dd6aa4a3bb9ee131f0b2
98 http 400 https://registry.npmjs.org/cson/-/cson-0.0.1.tgz/-rev/42-1fedead79972dd6aa4a3bb9ee131f0b2
99 verbose bad json <!DOCTYPE HTML PUBLIC "-//IETF//DTD HTML 2.0//EN">
99 verbose bad json <html><head>
99 verbose bad json <title>400 Bad Request</title>
99 verbose bad json </head><body>
99 verbose bad json <h1>Bad Request</h1>
99 verbose bad json <p>Your browser sent a request that this server could not understand.<br />
99 verbose bad json </p>
99 verbose bad json </body></html>
100 error registry error parsing json
101 error publish Error uploading package
102 error SyntaxError: Unexpected token <
102 error <!DOCTYPE HTML PUBLIC "-//IETF//DTD HTML 2.0//EN">
102 error <html><head>
102 error <title>400 Bad Request</title>
102 error </head><body>
102 error <h1>Bad Request</h1>
102 error <p>Your browser sent a request that this server could not understand.<br />
102 error </p>
102 error </body></html>
102 error
102 error     at Object.parse (native)
102 error     at RegClient.<anonymous> (/usr/local/lib/node_modules/npm/node_modules/npm-registry-client/lib/request.js:235:23)
102 error     at Request.self.callback (/usr/local/lib/node_modules/npm/node_modules/request/index.js:142:22)
102 error     at Request.EventEmitter.emit (events.js:98:17)
102 error     at Request.<anonymous> (/usr/local/lib/node_modules/npm/node_modules/request/index.js:856:14)
102 error     at Request.EventEmitter.emit (events.js:117:20)
102 error     at IncomingMessage.<anonymous> (/usr/local/lib/node_modules/npm/node_modules/request/index.js:808:12)
102 error     at IncomingMessage.EventEmitter.emit (events.js:117:20)
102 error     at _stream_readable.js:883:14
102 error     at process._tickCallback (node.js:415:13)
103 error If you need help, you may report this log at:
103 error     <http://github.com/isaacs/npm/issues>
103 error or email it to:
103 error     <npm-@googlegroups.com>
104 error System Darwin 13.1.0
105 error command "node" "/usr/local/bin/npm" "publish"
106 error cwd /Users/nikolay.ivanushkin/Documents/work/CSON
107 error node -v v0.10.4
108 error npm -v 1.2.18
109 error type unexpected_token
110 verbose exit [ 1, true ]
